
6683 16:58:39.420 [main] INFO  t1.steps.MyStepdefs - Запрошена погода на сегодня
6729 16:58:39.466 [main] INFO  t1.steps.MyStepdefs - Температура получена
11510 16:58:44.247 [main] INFO  t1.steps.MyStepdefs - Осуществлён переход на страницу 'Погода'
11511 16:58:44.248 [main] INFO  t1.steps.MyStepdefs - Запрошена погода на завтра
11511 16:58:44.248 [main] INFO  t1.pages.YandexMainPage - Начат переход на Яндекс.Погода
13723 16:58:46.460 [main] INFO  t1.pages.YandexMainPage - завтра температура +4°
13723 16:58:46.460 [main] INFO  t1.steps.MyStepdefs - Температура получена
19794 16:58:52.531 [main] INFO  t1.steps.MyStepdefs - Осуществлён переход на страницу 'Погода'
19795 16:58:52.532 [main] INFO  t1.steps.MyStepdefs - Запрошена погода на послезавтра
19795 16:58:52.532 [main] INFO  t1.pages.YandexMainPage - Начат переход на Яндекс.Погода
21180 16:58:53.917 [main] INFO  t1.pages.YandexMainPage - послезавтра температура +4°
21180 16:58:53.917 [main] INFO  t1.steps.MyStepdefs - Температура получена
25842 16:58:58.579 [main] INFO  t1.pages.YandexMainPage - Начат поиск по теме
27442 16:59:00.179 [main] INFO  t1.pages.YandexMainPage - Поиск по теме 'мотиваторы' совершён успешно
27442 16:59:00.179 [main] INFO  t1.steps.MyStepdefs - Осуществлён поиск по теме 'мотиваторы'
5279 17:42:33.516 [main] INFO  t1.steps.MyStepdefs - Запрошена погода на сегодня
5310 17:42:33.547 [main] INFO  t1.steps.MyStepdefs - Температура получена
10687 17:42:38.924 [main] INFO  t1.steps.MyStepdefs - Осуществлён переход на страницу 'Погода'
10687 17:42:38.924 [main] INFO  t1.steps.MyStepdefs - Запрошена погода на завтра
10687 17:42:38.924 [main] INFO  t1.pages.YandexMainPage - Начат переход на Яндекс.Погода
12050 17:42:40.287 [main] INFO  t1.pages.YandexMainPage - завтра температура +4°
12050 17:42:40.287 [main] INFO  t1.steps.MyStepdefs - Температура получена
18306 17:42:46.543 [main] INFO  t1.steps.MyStepdefs - Осуществлён переход на страницу 'Погода'
18306 17:42:46.543 [main] INFO  t1.steps.MyStepdefs - Запрошена погода на послезавтра
18306 17:42:46.543 [main] INFO  t1.pages.YandexMainPage - Начат переход на Яндекс.Погода
22043 17:42:50.280 [main] INFO  t1.pages.YandexMainPage - послезавтра температура +4°
22043 17:42:50.280 [main] INFO  t1.steps.MyStepdefs - Температура получена
26865 17:42:55.102 [main] INFO  t1.pages.YandexMainPage - Начат поиск по теме
28434 17:42:56.671 [main] INFO  t1.pages.YandexMainPage - Поиск по теме 'мотиваторы' совершён успешно
28434 17:42:56.671 [main] INFO  t1.steps.MyStepdefs - Осуществлён поиск по теме 'мотиваторы'
6762 17:52:54.786 [main] INFO  t1.steps.MyStepdefs - Запрошена погода на сегодня
6799 17:52:54.823 [main] INFO  t1.steps.MyStepdefs - Температура получена
6596 17:53:27.406 [main] INFO  t1.steps.MyStepdefs - Запрошена погода на сегодня
6628 17:53:27.438 [main] INFO  t1.steps.MyStepdefs - Температура получена
11400 17:53:32.210 [main] INFO  t1.steps.MyStepdefs - Осуществлён переход на страницу 'Погода'
11401 17:53:32.211 [main] INFO  t1.steps.MyStepdefs - Запрошена погода на завтра
11401 17:53:32.211 [main] INFO  t1.pages.YandexMainPage - Начат переход на Яндекс.Погода
13443 17:53:34.253 [main] INFO  t1.pages.YandexMainPage - завтра температура +4°
13443 17:53:34.253 [main] INFO  t1.steps.MyStepdefs - Температура получена
18104 17:53:38.914 [main] INFO  t1.steps.MyStepdefs - Осуществлён переход на страницу 'Погода'
18104 17:53:38.914 [main] INFO  t1.steps.MyStepdefs - Запрошена погода на послезавтра
18104 17:53:38.914 [main] INFO  t1.pages.YandexMainPage - Начат переход на Яндекс.Погода
19955 17:53:40.765 [main] INFO  t1.pages.YandexMainPage - послезавтра температура +4°
19955 17:53:40.765 [main] INFO  t1.steps.MyStepdefs - Температура получена
25031 17:53:45.841 [main] INFO  t1.pages.YandexMainPage - Начат поиск по теме
26977 17:53:47.787 [main] INFO  t1.pages.YandexMainPage - Поиск по теме 'мотиваторы' совершён успешно
26977 17:53:47.787 [main] INFO  t1.steps.MyStepdefs - Осуществлён поиск по теме 'мотиваторы'
